[2024-01-22T21:16:53.488+0000] {processor.py:161} INFO - Started process (PID=44) to work on /home/airflow/.local/lib/python3.8/site-packages/airflow/example_dags/tutorial_objectstorage.py
[2024-01-22T21:16:53.489+0000] {processor.py:830} INFO - Processing file /home/airflow/.local/lib/python3.8/site-packages/airflow/example_dags/tutorial_objectstorage.py for tasks to queue
[2024-01-22T21:16:53.491+0000] {logging_mixin.py:188} INFO - [2024-01-22T21:16:53.490+0000] {dagbag.py:538} INFO - Filling up the DagBag from /home/airflow/.local/lib/python3.8/site-packages/airflow/example_dags/tutorial_objectstorage.py
[2024-01-22T21:16:53.497+0000] {processor.py:840} INFO - DAG(s) 'tutorial_objectstorage' retrieved from /home/airflow/.local/lib/python3.8/site-packages/airflow/example_dags/tutorial_objectstorage.py
[2024-01-22T21:16:53.507+0000] {logging_mixin.py:188} INFO - [2024-01-22T21:16:53.507+0000] {dag.py:3036} INFO - Sync 1 DAGs
[2024-01-22T21:16:53.516+0000] {logging_mixin.py:188} INFO - [2024-01-22T21:16:53.516+0000] {dag.py:3823} INFO - Setting next_dagrun for tutorial_objectstorage to None, run_after=None
[2024-01-22T21:16:53.526+0000] {processor.py:183} INFO - Processing /home/airflow/.local/lib/python3.8/site-packages/airflow/example_dags/tutorial_objectstorage.py took 0.041 seconds
[2024-01-22T21:17:24.236+0000] {processor.py:161} INFO - Started process (PID=99) to work on /home/airflow/.local/lib/python3.8/site-packages/airflow/example_dags/tutorial_objectstorage.py
[2024-01-22T21:17:24.236+0000] {processor.py:830} INFO - Processing file /home/airflow/.local/lib/python3.8/site-packages/airflow/example_dags/tutorial_objectstorage.py for tasks to queue
[2024-01-22T21:17:24.238+0000] {logging_mixin.py:188} INFO - [2024-01-22T21:17:24.237+0000] {dagbag.py:538} INFO - Filling up the DagBag from /home/airflow/.local/lib/python3.8/site-packages/airflow/example_dags/tutorial_objectstorage.py
[2024-01-22T21:17:24.245+0000] {processor.py:840} INFO - DAG(s) 'tutorial_objectstorage' retrieved from /home/airflow/.local/lib/python3.8/site-packages/airflow/example_dags/tutorial_objectstorage.py
[2024-01-22T21:17:24.313+0000] {logging_mixin.py:188} INFO - [2024-01-22T21:17:24.313+0000] {dag.py:3036} INFO - Sync 1 DAGs
[2024-01-22T21:17:24.319+0000] {logging_mixin.py:188} INFO - [2024-01-22T21:17:24.319+0000] {dag.py:3823} INFO - Setting next_dagrun for tutorial_objectstorage to None, run_after=None
[2024-01-22T21:17:24.330+0000] {processor.py:183} INFO - Processing /home/airflow/.local/lib/python3.8/site-packages/airflow/example_dags/tutorial_objectstorage.py took 0.097 seconds
[2024-01-22T21:17:54.662+0000] {processor.py:161} INFO - Started process (PID=154) to work on /home/airflow/.local/lib/python3.8/site-packages/airflow/example_dags/tutorial_objectstorage.py
[2024-01-22T21:17:54.663+0000] {processor.py:830} INFO - Processing file /home/airflow/.local/lib/python3.8/site-packages/airflow/example_dags/tutorial_objectstorage.py for tasks to queue
[2024-01-22T21:17:54.664+0000] {logging_mixin.py:188} INFO - [2024-01-22T21:17:54.664+0000] {dagbag.py:538} INFO - Filling up the DagBag from /home/airflow/.local/lib/python3.8/site-packages/airflow/example_dags/tutorial_objectstorage.py
[2024-01-22T21:17:54.669+0000] {processor.py:840} INFO - DAG(s) 'tutorial_objectstorage' retrieved from /home/airflow/.local/lib/python3.8/site-packages/airflow/example_dags/tutorial_objectstorage.py
[2024-01-22T21:17:54.681+0000] {logging_mixin.py:188} INFO - [2024-01-22T21:17:54.681+0000] {dag.py:3036} INFO - Sync 1 DAGs
[2024-01-22T21:17:54.688+0000] {logging_mixin.py:188} INFO - [2024-01-22T21:17:54.687+0000] {dag.py:3823} INFO - Setting next_dagrun for tutorial_objectstorage to None, run_after=None
[2024-01-22T21:17:54.696+0000] {processor.py:183} INFO - Processing /home/airflow/.local/lib/python3.8/site-packages/airflow/example_dags/tutorial_objectstorage.py took 0.035 seconds
[2024-01-22T21:18:25.451+0000] {processor.py:161} INFO - Started process (PID=209) to work on /home/airflow/.local/lib/python3.8/site-packages/airflow/example_dags/tutorial_objectstorage.py
[2024-01-22T21:18:25.453+0000] {processor.py:830} INFO - Processing file /home/airflow/.local/lib/python3.8/site-packages/airflow/example_dags/tutorial_objectstorage.py for tasks to queue
[2024-01-22T21:18:25.454+0000] {logging_mixin.py:188} INFO - [2024-01-22T21:18:25.454+0000] {dagbag.py:538} INFO - Filling up the DagBag from /home/airflow/.local/lib/python3.8/site-packages/airflow/example_dags/tutorial_objectstorage.py
[2024-01-22T21:18:25.459+0000] {processor.py:840} INFO - DAG(s) 'tutorial_objectstorage' retrieved from /home/airflow/.local/lib/python3.8/site-packages/airflow/example_dags/tutorial_objectstorage.py
[2024-01-22T21:18:25.472+0000] {logging_mixin.py:188} INFO - [2024-01-22T21:18:25.472+0000] {dag.py:3036} INFO - Sync 1 DAGs
[2024-01-22T21:18:25.478+0000] {logging_mixin.py:188} INFO - [2024-01-22T21:18:25.478+0000] {dag.py:3823} INFO - Setting next_dagrun for tutorial_objectstorage to None, run_after=None
[2024-01-22T21:18:25.486+0000] {processor.py:183} INFO - Processing /home/airflow/.local/lib/python3.8/site-packages/airflow/example_dags/tutorial_objectstorage.py took 0.037 seconds
[2024-01-22T21:18:55.789+0000] {processor.py:161} INFO - Started process (PID=264) to work on /home/airflow/.local/lib/python3.8/site-packages/airflow/example_dags/tutorial_objectstorage.py
[2024-01-22T21:18:55.789+0000] {processor.py:830} INFO - Processing file /home/airflow/.local/lib/python3.8/site-packages/airflow/example_dags/tutorial_objectstorage.py for tasks to queue
[2024-01-22T21:18:55.791+0000] {logging_mixin.py:188} INFO - [2024-01-22T21:18:55.790+0000] {dagbag.py:538} INFO - Filling up the DagBag from /home/airflow/.local/lib/python3.8/site-packages/airflow/example_dags/tutorial_objectstorage.py
[2024-01-22T21:18:55.795+0000] {processor.py:840} INFO - DAG(s) 'tutorial_objectstorage' retrieved from /home/airflow/.local/lib/python3.8/site-packages/airflow/example_dags/tutorial_objectstorage.py
[2024-01-22T21:18:55.809+0000] {logging_mixin.py:188} INFO - [2024-01-22T21:18:55.809+0000] {dag.py:3036} INFO - Sync 1 DAGs
[2024-01-22T21:18:55.815+0000] {logging_mixin.py:188} INFO - [2024-01-22T21:18:55.815+0000] {dag.py:3823} INFO - Setting next_dagrun for tutorial_objectstorage to None, run_after=None
[2024-01-22T21:18:55.823+0000] {processor.py:183} INFO - Processing /home/airflow/.local/lib/python3.8/site-packages/airflow/example_dags/tutorial_objectstorage.py took 0.036 seconds
[2024-01-22T21:19:27.329+0000] {processor.py:161} INFO - Started process (PID=319) to work on /home/airflow/.local/lib/python3.8/site-packages/airflow/example_dags/tutorial_objectstorage.py
[2024-01-22T21:19:27.331+0000] {processor.py:830} INFO - Processing file /home/airflow/.local/lib/python3.8/site-packages/airflow/example_dags/tutorial_objectstorage.py for tasks to queue
[2024-01-22T21:19:27.338+0000] {logging_mixin.py:188} INFO - [2024-01-22T21:19:27.335+0000] {dagbag.py:538} INFO - Filling up the DagBag from /home/airflow/.local/lib/python3.8/site-packages/airflow/example_dags/tutorial_objectstorage.py
[2024-01-22T21:19:27.357+0000] {processor.py:840} INFO - DAG(s) 'tutorial_objectstorage' retrieved from /home/airflow/.local/lib/python3.8/site-packages/airflow/example_dags/tutorial_objectstorage.py
[2024-01-22T21:19:27.387+0000] {logging_mixin.py:188} INFO - [2024-01-22T21:19:27.387+0000] {dag.py:3036} INFO - Sync 1 DAGs
[2024-01-22T21:19:27.406+0000] {logging_mixin.py:188} INFO - [2024-01-22T21:19:27.406+0000] {dag.py:3823} INFO - Setting next_dagrun for tutorial_objectstorage to None, run_after=None
[2024-01-22T21:19:27.424+0000] {processor.py:183} INFO - Processing /home/airflow/.local/lib/python3.8/site-packages/airflow/example_dags/tutorial_objectstorage.py took 0.106 seconds
[2024-01-22T21:19:58.683+0000] {processor.py:161} INFO - Started process (PID=375) to work on /home/airflow/.local/lib/python3.8/site-packages/airflow/example_dags/tutorial_objectstorage.py
[2024-01-22T21:19:58.685+0000] {processor.py:830} INFO - Processing file /home/airflow/.local/lib/python3.8/site-packages/airflow/example_dags/tutorial_objectstorage.py for tasks to queue
[2024-01-22T21:19:58.700+0000] {logging_mixin.py:188} INFO - [2024-01-22T21:19:58.699+0000] {dagbag.py:538} INFO - Filling up the DagBag from /home/airflow/.local/lib/python3.8/site-packages/airflow/example_dags/tutorial_objectstorage.py
[2024-01-22T21:19:58.732+0000] {processor.py:840} INFO - DAG(s) 'tutorial_objectstorage' retrieved from /home/airflow/.local/lib/python3.8/site-packages/airflow/example_dags/tutorial_objectstorage.py
[2024-01-22T21:19:58.848+0000] {logging_mixin.py:188} INFO - [2024-01-22T21:19:58.848+0000] {dag.py:3036} INFO - Sync 1 DAGs
[2024-01-22T21:19:58.911+0000] {logging_mixin.py:188} INFO - [2024-01-22T21:19:58.911+0000] {dag.py:3823} INFO - Setting next_dagrun for tutorial_objectstorage to None, run_after=None
[2024-01-22T21:19:58.943+0000] {processor.py:183} INFO - Processing /home/airflow/.local/lib/python3.8/site-packages/airflow/example_dags/tutorial_objectstorage.py took 0.263 seconds
[2024-01-22T21:20:29.578+0000] {processor.py:161} INFO - Started process (PID=430) to work on /home/airflow/.local/lib/python3.8/site-packages/airflow/example_dags/tutorial_objectstorage.py
[2024-01-22T21:20:29.579+0000] {processor.py:830} INFO - Processing file /home/airflow/.local/lib/python3.8/site-packages/airflow/example_dags/tutorial_objectstorage.py for tasks to queue
[2024-01-22T21:20:29.580+0000] {logging_mixin.py:188} INFO - [2024-01-22T21:20:29.580+0000] {dagbag.py:538} INFO - Filling up the DagBag from /home/airflow/.local/lib/python3.8/site-packages/airflow/example_dags/tutorial_objectstorage.py
[2024-01-22T21:20:29.585+0000] {processor.py:840} INFO - DAG(s) 'tutorial_objectstorage' retrieved from /home/airflow/.local/lib/python3.8/site-packages/airflow/example_dags/tutorial_objectstorage.py
[2024-01-22T21:20:29.597+0000] {logging_mixin.py:188} INFO - [2024-01-22T21:20:29.597+0000] {dag.py:3036} INFO - Sync 1 DAGs
[2024-01-22T21:20:29.604+0000] {logging_mixin.py:188} INFO - [2024-01-22T21:20:29.604+0000] {dag.py:3823} INFO - Setting next_dagrun for tutorial_objectstorage to None, run_after=None
[2024-01-22T21:20:29.612+0000] {processor.py:183} INFO - Processing /home/airflow/.local/lib/python3.8/site-packages/airflow/example_dags/tutorial_objectstorage.py took 0.036 seconds
[2024-01-22T21:20:59.907+0000] {processor.py:161} INFO - Started process (PID=485) to work on /home/airflow/.local/lib/python3.8/site-packages/airflow/example_dags/tutorial_objectstorage.py
[2024-01-22T21:20:59.907+0000] {processor.py:830} INFO - Processing file /home/airflow/.local/lib/python3.8/site-packages/airflow/example_dags/tutorial_objectstorage.py for tasks to queue
[2024-01-22T21:20:59.909+0000] {logging_mixin.py:188} INFO - [2024-01-22T21:20:59.909+0000] {dagbag.py:538} INFO - Filling up the DagBag from /home/airflow/.local/lib/python3.8/site-packages/airflow/example_dags/tutorial_objectstorage.py
[2024-01-22T21:20:59.913+0000] {processor.py:840} INFO - DAG(s) 'tutorial_objectstorage' retrieved from /home/airflow/.local/lib/python3.8/site-packages/airflow/example_dags/tutorial_objectstorage.py
[2024-01-22T21:20:59.925+0000] {logging_mixin.py:188} INFO - [2024-01-22T21:20:59.925+0000] {dag.py:3036} INFO - Sync 1 DAGs
[2024-01-22T21:20:59.931+0000] {logging_mixin.py:188} INFO - [2024-01-22T21:20:59.931+0000] {dag.py:3823} INFO - Setting next_dagrun for tutorial_objectstorage to None, run_after=None
[2024-01-22T21:20:59.939+0000] {processor.py:183} INFO - Processing /home/airflow/.local/lib/python3.8/site-packages/airflow/example_dags/tutorial_objectstorage.py took 0.034 seconds
[2024-01-22T21:21:30.782+0000] {processor.py:161} INFO - Started process (PID=540) to work on /home/airflow/.local/lib/python3.8/site-packages/airflow/example_dags/tutorial_objectstorage.py
[2024-01-22T21:21:30.783+0000] {processor.py:830} INFO - Processing file /home/airflow/.local/lib/python3.8/site-packages/airflow/example_dags/tutorial_objectstorage.py for tasks to queue
[2024-01-22T21:21:30.784+0000] {logging_mixin.py:188} INFO - [2024-01-22T21:21:30.784+0000] {dagbag.py:538} INFO - Filling up the DagBag from /home/airflow/.local/lib/python3.8/site-packages/airflow/example_dags/tutorial_objectstorage.py
[2024-01-22T21:21:30.789+0000] {processor.py:840} INFO - DAG(s) 'tutorial_objectstorage' retrieved from /home/airflow/.local/lib/python3.8/site-packages/airflow/example_dags/tutorial_objectstorage.py
[2024-01-22T21:21:30.801+0000] {logging_mixin.py:188} INFO - [2024-01-22T21:21:30.801+0000] {dag.py:3036} INFO - Sync 1 DAGs
[2024-01-22T21:21:30.807+0000] {logging_mixin.py:188} INFO - [2024-01-22T21:21:30.807+0000] {dag.py:3823} INFO - Setting next_dagrun for tutorial_objectstorage to None, run_after=None
[2024-01-22T21:21:30.815+0000] {processor.py:183} INFO - Processing /home/airflow/.local/lib/python3.8/site-packages/airflow/example_dags/tutorial_objectstorage.py took 0.035 seconds
[2024-01-22T21:22:01.147+0000] {processor.py:161} INFO - Started process (PID=595) to work on /home/airflow/.local/lib/python3.8/site-packages/airflow/example_dags/tutorial_objectstorage.py
[2024-01-22T21:22:01.148+0000] {processor.py:830} INFO - Processing file /home/airflow/.local/lib/python3.8/site-packages/airflow/example_dags/tutorial_objectstorage.py for tasks to queue
[2024-01-22T21:22:01.149+0000] {logging_mixin.py:188} INFO - [2024-01-22T21:22:01.149+0000] {dagbag.py:538} INFO - Filling up the DagBag from /home/airflow/.local/lib/python3.8/site-packages/airflow/example_dags/tutorial_objectstorage.py
[2024-01-22T21:22:01.154+0000] {processor.py:840} INFO - DAG(s) 'tutorial_objectstorage' retrieved from /home/airflow/.local/lib/python3.8/site-packages/airflow/example_dags/tutorial_objectstorage.py
[2024-01-22T21:22:01.170+0000] {logging_mixin.py:188} INFO - [2024-01-22T21:22:01.170+0000] {dag.py:3036} INFO - Sync 1 DAGs
[2024-01-22T21:22:01.177+0000] {logging_mixin.py:188} INFO - [2024-01-22T21:22:01.177+0000] {dag.py:3823} INFO - Setting next_dagrun for tutorial_objectstorage to None, run_after=None
[2024-01-22T21:22:01.186+0000] {processor.py:183} INFO - Processing /home/airflow/.local/lib/python3.8/site-packages/airflow/example_dags/tutorial_objectstorage.py took 0.041 seconds
[2024-01-22T21:22:31.376+0000] {processor.py:161} INFO - Started process (PID=650) to work on /home/airflow/.local/lib/python3.8/site-packages/airflow/example_dags/tutorial_objectstorage.py
[2024-01-22T21:22:31.377+0000] {processor.py:830} INFO - Processing file /home/airflow/.local/lib/python3.8/site-packages/airflow/example_dags/tutorial_objectstorage.py for tasks to queue
[2024-01-22T21:22:31.380+0000] {logging_mixin.py:188} INFO - [2024-01-22T21:22:31.379+0000] {dagbag.py:538} INFO - Filling up the DagBag from /home/airflow/.local/lib/python3.8/site-packages/airflow/example_dags/tutorial_objectstorage.py
[2024-01-22T21:22:31.388+0000] {processor.py:840} INFO - DAG(s) 'tutorial_objectstorage' retrieved from /home/airflow/.local/lib/python3.8/site-packages/airflow/example_dags/tutorial_objectstorage.py
[2024-01-22T21:22:31.407+0000] {logging_mixin.py:188} INFO - [2024-01-22T21:22:31.406+0000] {dag.py:3036} INFO - Sync 1 DAGs
[2024-01-22T21:22:31.415+0000] {logging_mixin.py:188} INFO - [2024-01-22T21:22:31.415+0000] {dag.py:3823} INFO - Setting next_dagrun for tutorial_objectstorage to None, run_after=None
[2024-01-22T21:22:31.424+0000] {processor.py:183} INFO - Processing /home/airflow/.local/lib/python3.8/site-packages/airflow/example_dags/tutorial_objectstorage.py took 0.052 seconds
[2024-01-22T21:23:01.714+0000] {processor.py:161} INFO - Started process (PID=705) to work on /home/airflow/.local/lib/python3.8/site-packages/airflow/example_dags/tutorial_objectstorage.py
[2024-01-22T21:23:01.715+0000] {processor.py:830} INFO - Processing file /home/airflow/.local/lib/python3.8/site-packages/airflow/example_dags/tutorial_objectstorage.py for tasks to queue
[2024-01-22T21:23:01.717+0000] {logging_mixin.py:188} INFO - [2024-01-22T21:23:01.716+0000] {dagbag.py:538} INFO - Filling up the DagBag from /home/airflow/.local/lib/python3.8/site-packages/airflow/example_dags/tutorial_objectstorage.py
[2024-01-22T21:23:01.722+0000] {processor.py:840} INFO - DAG(s) 'tutorial_objectstorage' retrieved from /home/airflow/.local/lib/python3.8/site-packages/airflow/example_dags/tutorial_objectstorage.py
[2024-01-22T21:23:01.737+0000] {logging_mixin.py:188} INFO - [2024-01-22T21:23:01.737+0000] {dag.py:3036} INFO - Sync 1 DAGs
[2024-01-22T21:23:01.744+0000] {logging_mixin.py:188} INFO - [2024-01-22T21:23:01.744+0000] {dag.py:3823} INFO - Setting next_dagrun for tutorial_objectstorage to None, run_after=None
[2024-01-22T21:23:01.754+0000] {processor.py:183} INFO - Processing /home/airflow/.local/lib/python3.8/site-packages/airflow/example_dags/tutorial_objectstorage.py took 0.042 seconds
[2024-01-22T21:23:32.007+0000] {processor.py:161} INFO - Started process (PID=760) to work on /home/airflow/.local/lib/python3.8/site-packages/airflow/example_dags/tutorial_objectstorage.py
[2024-01-22T21:23:32.008+0000] {processor.py:830} INFO - Processing file /home/airflow/.local/lib/python3.8/site-packages/airflow/example_dags/tutorial_objectstorage.py for tasks to queue
[2024-01-22T21:23:32.010+0000] {logging_mixin.py:188} INFO - [2024-01-22T21:23:32.009+0000] {dagbag.py:538} INFO - Filling up the DagBag from /home/airflow/.local/lib/python3.8/site-packages/airflow/example_dags/tutorial_objectstorage.py
[2024-01-22T21:23:32.016+0000] {processor.py:840} INFO - DAG(s) 'tutorial_objectstorage' retrieved from /home/airflow/.local/lib/python3.8/site-packages/airflow/example_dags/tutorial_objectstorage.py
[2024-01-22T21:23:32.030+0000] {logging_mixin.py:188} INFO - [2024-01-22T21:23:32.030+0000] {dag.py:3036} INFO - Sync 1 DAGs
[2024-01-22T21:23:32.036+0000] {logging_mixin.py:188} INFO - [2024-01-22T21:23:32.036+0000] {dag.py:3823} INFO - Setting next_dagrun for tutorial_objectstorage to None, run_after=None
[2024-01-22T21:23:32.044+0000] {processor.py:183} INFO - Processing /home/airflow/.local/lib/python3.8/site-packages/airflow/example_dags/tutorial_objectstorage.py took 0.039 seconds
[2024-01-22T21:24:02.277+0000] {processor.py:161} INFO - Started process (PID=815) to work on /home/airflow/.local/lib/python3.8/site-packages/airflow/example_dags/tutorial_objectstorage.py
[2024-01-22T21:24:02.278+0000] {processor.py:830} INFO - Processing file /home/airflow/.local/lib/python3.8/site-packages/airflow/example_dags/tutorial_objectstorage.py for tasks to queue
[2024-01-22T21:24:02.279+0000] {logging_mixin.py:188} INFO - [2024-01-22T21:24:02.279+0000] {dagbag.py:538} INFO - Filling up the DagBag from /home/airflow/.local/lib/python3.8/site-packages/airflow/example_dags/tutorial_objectstorage.py
[2024-01-22T21:24:02.284+0000] {processor.py:840} INFO - DAG(s) 'tutorial_objectstorage' retrieved from /home/airflow/.local/lib/python3.8/site-packages/airflow/example_dags/tutorial_objectstorage.py
[2024-01-22T21:24:02.301+0000] {logging_mixin.py:188} INFO - [2024-01-22T21:24:02.301+0000] {dag.py:3036} INFO - Sync 1 DAGs
[2024-01-22T21:24:02.308+0000] {logging_mixin.py:188} INFO - [2024-01-22T21:24:02.307+0000] {dag.py:3823} INFO - Setting next_dagrun for tutorial_objectstorage to None, run_after=None
[2024-01-22T21:24:02.317+0000] {processor.py:183} INFO - Processing /home/airflow/.local/lib/python3.8/site-packages/airflow/example_dags/tutorial_objectstorage.py took 0.042 seconds
[2024-01-22T21:24:32.646+0000] {processor.py:161} INFO - Started process (PID=870) to work on /home/airflow/.local/lib/python3.8/site-packages/airflow/example_dags/tutorial_objectstorage.py
[2024-01-22T21:24:32.647+0000] {processor.py:830} INFO - Processing file /home/airflow/.local/lib/python3.8/site-packages/airflow/example_dags/tutorial_objectstorage.py for tasks to queue
[2024-01-22T21:24:32.649+0000] {logging_mixin.py:188} INFO - [2024-01-22T21:24:32.649+0000] {dagbag.py:538} INFO - Filling up the DagBag from /home/airflow/.local/lib/python3.8/site-packages/airflow/example_dags/tutorial_objectstorage.py
[2024-01-22T21:24:32.663+0000] {processor.py:840} INFO - DAG(s) 'tutorial_objectstorage' retrieved from /home/airflow/.local/lib/python3.8/site-packages/airflow/example_dags/tutorial_objectstorage.py
[2024-01-22T21:24:32.677+0000] {logging_mixin.py:188} INFO - [2024-01-22T21:24:32.677+0000] {dag.py:3036} INFO - Sync 1 DAGs
[2024-01-22T21:24:32.684+0000] {logging_mixin.py:188} INFO - [2024-01-22T21:24:32.684+0000] {dag.py:3823} INFO - Setting next_dagrun for tutorial_objectstorage to None, run_after=None
[2024-01-22T21:24:32.693+0000] {processor.py:183} INFO - Processing /home/airflow/.local/lib/python3.8/site-packages/airflow/example_dags/tutorial_objectstorage.py took 0.049 seconds
[2024-01-22T21:25:02.914+0000] {processor.py:161} INFO - Started process (PID=925) to work on /home/airflow/.local/lib/python3.8/site-packages/airflow/example_dags/tutorial_objectstorage.py
[2024-01-22T21:25:02.915+0000] {processor.py:830} INFO - Processing file /home/airflow/.local/lib/python3.8/site-packages/airflow/example_dags/tutorial_objectstorage.py for tasks to queue
[2024-01-22T21:25:02.916+0000] {logging_mixin.py:188} INFO - [2024-01-22T21:25:02.916+0000] {dagbag.py:538} INFO - Filling up the DagBag from /home/airflow/.local/lib/python3.8/site-packages/airflow/example_dags/tutorial_objectstorage.py
[2024-01-22T21:25:02.920+0000] {processor.py:840} INFO - DAG(s) 'tutorial_objectstorage' retrieved from /home/airflow/.local/lib/python3.8/site-packages/airflow/example_dags/tutorial_objectstorage.py
[2024-01-22T21:25:02.935+0000] {logging_mixin.py:188} INFO - [2024-01-22T21:25:02.935+0000] {dag.py:3036} INFO - Sync 1 DAGs
[2024-01-22T21:25:02.942+0000] {logging_mixin.py:188} INFO - [2024-01-22T21:25:02.941+0000] {dag.py:3823} INFO - Setting next_dagrun for tutorial_objectstorage to None, run_after=None
[2024-01-22T21:25:02.950+0000] {processor.py:183} INFO - Processing /home/airflow/.local/lib/python3.8/site-packages/airflow/example_dags/tutorial_objectstorage.py took 0.038 seconds
