[2024-01-22T20:24:52.415+0000] {taskinstance.py:1956} INFO - Dependencies all met for dep_context=non-requeueable deps ti=<TaskInstance: first_sample_dag.print_hello_world scheduled__2022-12-22T08:00:00+00:00 [queued]>
[2024-01-22T20:24:52.424+0000] {taskinstance.py:1956} INFO - Dependencies all met for dep_context=requeueable deps ti=<TaskInstance: first_sample_dag.print_hello_world scheduled__2022-12-22T08:00:00+00:00 [queued]>
[2024-01-22T20:24:52.424+0000] {taskinstance.py:2170} INFO - Starting attempt 1 of 1
[2024-01-22T20:24:52.437+0000] {taskinstance.py:2191} INFO - Executing <Task(BashOperator): print_hello_world> on 2022-12-22 08:00:00+00:00
[2024-01-22T20:24:52.451+0000] {standard_task_runner.py:60} INFO - Started process 222 to run task
[2024-01-22T20:24:52.464+0000] {standard_task_runner.py:87} INFO - Running: ['***', 'tasks', 'run', 'first_sample_dag', 'print_hello_world', 'scheduled__2022-12-22T08:00:00+00:00', '--job-id', '6', '--raw', '--subdir', 'DAGS_FOLDER/sample_dag.py', '--cfg-path', '/tmp/tmpu82dm__a']
[2024-01-22T20:24:52.475+0000] {standard_task_runner.py:88} INFO - Job 6: Subtask print_hello_world
[2024-01-22T20:24:52.572+0000] {task_command.py:423} INFO - Running <TaskInstance: first_sample_dag.print_hello_world scheduled__2022-12-22T08:00:00+00:00 [running]> on host 8b57cbef3a15
[2024-01-22T20:24:52.651+0000] {taskinstance.py:2480} INFO - Exporting env vars: AIRFLOW_CTX_DAG_OWNER='***' AIRFLOW_CTX_DAG_ID='first_sample_dag' AIRFLOW_CTX_TASK_ID='print_hello_world' AIRFLOW_CTX_EXECUTION_DATE='2022-12-22T08:00:00+00:00' AIRFLOW_CTX_TRY_NUMBER='1' AIRFLOW_CTX_DAG_RUN_ID='scheduled__2022-12-22T08:00:00+00:00'
[2024-01-22T20:24:52.661+0000] {subprocess.py:63} INFO - Tmp dir root location: /tmp
[2024-01-22T20:24:52.664+0000] {subprocess.py:75} INFO - Running command: ['/usr/bin/bash', '-c', 'echo "HelloWorld!"']
[2024-01-22T20:24:52.700+0000] {subprocess.py:86} INFO - Output:
[2024-01-22T20:24:52.712+0000] {subprocess.py:93} INFO - HelloWorld!
[2024-01-22T20:24:52.713+0000] {subprocess.py:97} INFO - Command exited with return code 0
[2024-01-22T20:24:52.752+0000] {taskinstance.py:1138} INFO - Marking task as SUCCESS. dag_id=first_sample_dag, task_id=print_hello_world, execution_date=20221222T080000, start_date=20240122T202452, end_date=20240122T202452
[2024-01-22T20:24:52.796+0000] {local_task_job_runner.py:234} INFO - Task exited with return code 0
[2024-01-22T20:24:52.818+0000] {taskinstance.py:3280} INFO - 0 downstream tasks scheduled from follow-on schedule check
[2024-01-22T20:51:38.505+0000] {taskinstance.py:1956} INFO - Dependencies all met for dep_context=non-requeueable deps ti=<TaskInstance: first_sample_dag.print_hello_world scheduled__2022-12-22T08:00:00+00:00 [queued]>
[2024-01-22T20:51:38.515+0000] {taskinstance.py:1956} INFO - Dependencies all met for dep_context=requeueable deps ti=<TaskInstance: first_sample_dag.print_hello_world scheduled__2022-12-22T08:00:00+00:00 [queued]>
[2024-01-22T20:51:38.515+0000] {taskinstance.py:2170} INFO - Starting attempt 1 of 1
[2024-01-22T20:51:38.525+0000] {taskinstance.py:2191} INFO - Executing <Task(BashOperator): print_hello_world> on 2022-12-22 08:00:00+00:00
[2024-01-22T20:51:38.531+0000] {standard_task_runner.py:60} INFO - Started process 70 to run task
[2024-01-22T20:51:38.545+0000] {standard_task_runner.py:87} INFO - Running: ['***', 'tasks', 'run', 'first_sample_dag', 'print_hello_world', 'scheduled__2022-12-22T08:00:00+00:00', '--job-id', '3', '--raw', '--subdir', 'DAGS_FOLDER/sample_dag.py', '--cfg-path', '/tmp/tmpzxbq1l4u']
[2024-01-22T20:51:38.549+0000] {standard_task_runner.py:88} INFO - Job 3: Subtask print_hello_world
[2024-01-22T20:51:38.654+0000] {task_command.py:423} INFO - Running <TaskInstance: first_sample_dag.print_hello_world scheduled__2022-12-22T08:00:00+00:00 [running]> on host b8b2a6e5721a
[2024-01-22T20:51:38.754+0000] {taskinstance.py:2480} INFO - Exporting env vars: AIRFLOW_CTX_DAG_OWNER='***' AIRFLOW_CTX_DAG_ID='first_sample_dag' AIRFLOW_CTX_TASK_ID='print_hello_world' AIRFLOW_CTX_EXECUTION_DATE='2022-12-22T08:00:00+00:00' AIRFLOW_CTX_TRY_NUMBER='1' AIRFLOW_CTX_DAG_RUN_ID='scheduled__2022-12-22T08:00:00+00:00'
[2024-01-22T20:51:38.760+0000] {subprocess.py:63} INFO - Tmp dir root location: /tmp
[2024-01-22T20:51:38.760+0000] {subprocess.py:75} INFO - Running command: ['/usr/bin/bash', '-c', 'echo "HelloWorld!"']
[2024-01-22T20:51:38.778+0000] {subprocess.py:86} INFO - Output:
[2024-01-22T20:51:38.791+0000] {subprocess.py:93} INFO - HelloWorld!
[2024-01-22T20:51:38.793+0000] {subprocess.py:97} INFO - Command exited with return code 0
[2024-01-22T20:51:38.837+0000] {taskinstance.py:1138} INFO - Marking task as SUCCESS. dag_id=first_sample_dag, task_id=print_hello_world, execution_date=20221222T080000, start_date=20240122T205138, end_date=20240122T205138
[2024-01-22T20:51:38.877+0000] {local_task_job_runner.py:234} INFO - Task exited with return code 0
[2024-01-22T20:51:38.891+0000] {taskinstance.py:3280} INFO - 0 downstream tasks scheduled from follow-on schedule check
