[2024-01-22T22:12:46.028+0000] {taskinstance.py:1159} INFO - Dependencies all met for dep_context=non-requeueable deps ti=<TaskInstance: first_sample_dag.print_hello_world scheduled__2022-12-22T08:00:00+00:00 [queued]>
[2024-01-22T22:12:46.032+0000] {taskinstance.py:1159} INFO - Dependencies all met for dep_context=requeueable deps ti=<TaskInstance: first_sample_dag.print_hello_world scheduled__2022-12-22T08:00:00+00:00 [queued]>
[2024-01-22T22:12:46.032+0000] {taskinstance.py:1361} INFO - Starting attempt 2 of 2
[2024-01-22T22:12:46.038+0000] {taskinstance.py:1382} INFO - Executing <Task(BashOperator): print_hello_world> on 2022-12-22 08:00:00+00:00
[2024-01-22T22:12:46.044+0000] {standard_task_runner.py:57} INFO - Started process 146 to run task
[2024-01-22T22:12:46.048+0000] {standard_task_runner.py:84} INFO - Running: ['***', 'tasks', 'run', 'first_sample_dag', 'print_hello_world', 'scheduled__2022-12-22T08:00:00+00:00', '--job-id', '8', '--raw', '--subdir', 'DAGS_FOLDER/test_dag.py', '--cfg-path', '/tmp/tmppn__gi80']
[2024-01-22T22:12:46.051+0000] {standard_task_runner.py:85} INFO - Job 8: Subtask print_hello_world
[2024-01-22T22:12:46.085+0000] {task_command.py:416} INFO - Running <TaskInstance: first_sample_dag.print_hello_world scheduled__2022-12-22T08:00:00+00:00 [running]> on host 19955daf03c7
[2024-01-22T22:12:46.138+0000] {taskinstance.py:1662} INFO - Exporting env vars: AIRFLOW_CTX_DAG_OWNER='***' AIRFLOW_CTX_DAG_ID='first_sample_dag' AIRFLOW_CTX_TASK_ID='print_hello_world' AIRFLOW_CTX_EXECUTION_DATE='2022-12-22T08:00:00+00:00' AIRFLOW_CTX_TRY_NUMBER='2' AIRFLOW_CTX_DAG_RUN_ID='scheduled__2022-12-22T08:00:00+00:00'
[2024-01-22T22:12:46.140+0000] {subprocess.py:63} INFO - Tmp dir root location: /tmp
[2024-01-22T22:12:46.141+0000] {subprocess.py:75} INFO - Running command: ['/bin/bash', '-c', 'echo "HelloWorld!"']
[2024-01-22T22:12:46.152+0000] {subprocess.py:86} INFO - Output:
[2024-01-22T22:12:46.157+0000] {subprocess.py:93} INFO - HelloWorld!
[2024-01-22T22:12:46.158+0000] {subprocess.py:97} INFO - Command exited with return code 0
[2024-01-22T22:12:46.183+0000] {taskinstance.py:1400} INFO - Marking task as SUCCESS. dag_id=first_sample_dag, task_id=print_hello_world, execution_date=20221222T080000, start_date=20240122T221246, end_date=20240122T221246
[2024-01-22T22:12:46.220+0000] {local_task_job_runner.py:228} INFO - Task exited with return code 0
[2024-01-22T22:12:46.239+0000] {taskinstance.py:2778} INFO - 1 downstream tasks scheduled from follow-on schedule check
[2024-01-22T22:39:45.516+0000] {taskinstance.py:1159} INFO - Dependencies all met for dep_context=non-requeueable deps ti=<TaskInstance: first_sample_dag.print_hello_world scheduled__2022-12-22T08:00:00+00:00 [queued]>
[2024-01-22T22:39:45.520+0000] {taskinstance.py:1159} INFO - Dependencies all met for dep_context=requeueable deps ti=<TaskInstance: first_sample_dag.print_hello_world scheduled__2022-12-22T08:00:00+00:00 [queued]>
[2024-01-22T22:39:45.520+0000] {taskinstance.py:1361} INFO - Starting attempt 2 of 2
[2024-01-22T22:39:45.527+0000] {taskinstance.py:1382} INFO - Executing <Task(BashOperator): print_hello_world> on 2022-12-22 08:00:00+00:00
[2024-01-22T22:39:45.532+0000] {standard_task_runner.py:57} INFO - Started process 99 to run task
[2024-01-22T22:39:45.538+0000] {standard_task_runner.py:84} INFO - Running: ['***', 'tasks', 'run', 'first_sample_dag', 'print_hello_world', 'scheduled__2022-12-22T08:00:00+00:00', '--job-id', '7', '--raw', '--subdir', 'DAGS_FOLDER/test_dag.py', '--cfg-path', '/tmp/tmphzd5j70y']
[2024-01-22T22:39:45.543+0000] {standard_task_runner.py:85} INFO - Job 7: Subtask print_hello_world
[2024-01-22T22:39:45.590+0000] {task_command.py:416} INFO - Running <TaskInstance: first_sample_dag.print_hello_world scheduled__2022-12-22T08:00:00+00:00 [running]> on host 3441088a5e19
[2024-01-22T22:39:45.637+0000] {taskinstance.py:1662} INFO - Exporting env vars: AIRFLOW_CTX_DAG_OWNER='***' AIRFLOW_CTX_DAG_ID='first_sample_dag' AIRFLOW_CTX_TASK_ID='print_hello_world' AIRFLOW_CTX_EXECUTION_DATE='2022-12-22T08:00:00+00:00' AIRFLOW_CTX_TRY_NUMBER='2' AIRFLOW_CTX_DAG_RUN_ID='scheduled__2022-12-22T08:00:00+00:00'
[2024-01-22T22:39:45.639+0000] {subprocess.py:63} INFO - Tmp dir root location: /tmp
[2024-01-22T22:39:45.639+0000] {subprocess.py:75} INFO - Running command: ['/bin/bash', '-c', 'echo "HelloWorld!"']
[2024-01-22T22:39:45.648+0000] {subprocess.py:86} INFO - Output:
[2024-01-22T22:39:45.652+0000] {subprocess.py:93} INFO - HelloWorld!
[2024-01-22T22:39:45.652+0000] {subprocess.py:97} INFO - Command exited with return code 0
[2024-01-22T22:39:45.670+0000] {taskinstance.py:1400} INFO - Marking task as SUCCESS. dag_id=first_sample_dag, task_id=print_hello_world, execution_date=20221222T080000, start_date=20240122T223945, end_date=20240122T223945
[2024-01-22T22:39:45.708+0000] {local_task_job_runner.py:228} INFO - Task exited with return code 0
[2024-01-22T22:39:45.733+0000] {taskinstance.py:2778} INFO - 1 downstream tasks scheduled from follow-on schedule check
[2024-01-22T22:54:37.347+0000] {taskinstance.py:1159} INFO - Dependencies all met for dep_context=non-requeueable deps ti=<TaskInstance: first_sample_dag.print_hello_world scheduled__2022-12-22T08:00:00+00:00 [queued]>
[2024-01-22T22:54:37.352+0000] {taskinstance.py:1159} INFO - Dependencies all met for dep_context=requeueable deps ti=<TaskInstance: first_sample_dag.print_hello_world scheduled__2022-12-22T08:00:00+00:00 [queued]>
[2024-01-22T22:54:37.358+0000] {taskinstance.py:1361} INFO - Starting attempt 2 of 2
[2024-01-22T22:54:37.365+0000] {taskinstance.py:1382} INFO - Executing <Task(BashOperator): print_hello_world> on 2022-12-22 08:00:00+00:00
[2024-01-22T22:54:37.383+0000] {standard_task_runner.py:57} INFO - Started process 169 to run task
[2024-01-22T22:54:37.387+0000] {standard_task_runner.py:84} INFO - Running: ['***', 'tasks', 'run', 'first_sample_dag', 'print_hello_world', 'scheduled__2022-12-22T08:00:00+00:00', '--job-id', '7', '--raw', '--subdir', 'DAGS_FOLDER/test_dag.py', '--cfg-path', '/tmp/tmpy3g4_yv0']
[2024-01-22T22:54:37.390+0000] {standard_task_runner.py:85} INFO - Job 7: Subtask print_hello_world
[2024-01-22T22:54:37.437+0000] {task_command.py:416} INFO - Running <TaskInstance: first_sample_dag.print_hello_world scheduled__2022-12-22T08:00:00+00:00 [running]> on host 3b2231e5c840
[2024-01-22T22:54:37.492+0000] {taskinstance.py:1662} INFO - Exporting env vars: AIRFLOW_CTX_DAG_OWNER='***' AIRFLOW_CTX_DAG_ID='first_sample_dag' AIRFLOW_CTX_TASK_ID='print_hello_world' AIRFLOW_CTX_EXECUTION_DATE='2022-12-22T08:00:00+00:00' AIRFLOW_CTX_TRY_NUMBER='2' AIRFLOW_CTX_DAG_RUN_ID='scheduled__2022-12-22T08:00:00+00:00'
[2024-01-22T22:54:37.495+0000] {subprocess.py:63} INFO - Tmp dir root location: /tmp
[2024-01-22T22:54:37.496+0000] {subprocess.py:75} INFO - Running command: ['/bin/bash', '-c', 'echo "HelloWorld!"']
[2024-01-22T22:54:37.512+0000] {subprocess.py:86} INFO - Output:
[2024-01-22T22:54:37.520+0000] {subprocess.py:93} INFO - HelloWorld!
[2024-01-22T22:54:37.521+0000] {subprocess.py:97} INFO - Command exited with return code 0
[2024-01-22T22:54:37.546+0000] {taskinstance.py:1400} INFO - Marking task as SUCCESS. dag_id=first_sample_dag, task_id=print_hello_world, execution_date=20221222T080000, start_date=20240122T225437, end_date=20240122T225437
[2024-01-22T22:54:37.561+0000] {local_task_job_runner.py:228} INFO - Task exited with return code 0
[2024-01-22T22:54:37.581+0000] {taskinstance.py:2778} INFO - 1 downstream tasks scheduled from follow-on schedule check
[2024-01-22T23:08:28.538+0000] {taskinstance.py:1159} INFO - Dependencies all met for dep_context=non-requeueable deps ti=<TaskInstance: first_sample_dag.print_hello_world scheduled__2022-12-22T08:00:00+00:00 [queued]>
[2024-01-22T23:08:28.548+0000] {taskinstance.py:1159} INFO - Dependencies all met for dep_context=requeueable deps ti=<TaskInstance: first_sample_dag.print_hello_world scheduled__2022-12-22T08:00:00+00:00 [queued]>
[2024-01-22T23:08:28.549+0000] {taskinstance.py:1361} INFO - Starting attempt 2 of 2
[2024-01-22T23:08:28.559+0000] {taskinstance.py:1382} INFO - Executing <Task(BashOperator): print_hello_world> on 2022-12-22 08:00:00+00:00
[2024-01-22T23:08:28.568+0000] {standard_task_runner.py:57} INFO - Started process 131 to run task
[2024-01-22T23:08:28.574+0000] {standard_task_runner.py:84} INFO - Running: ['***', 'tasks', 'run', 'first_sample_dag', 'print_hello_world', 'scheduled__2022-12-22T08:00:00+00:00', '--job-id', '7', '--raw', '--subdir', 'DAGS_FOLDER/test_dag.py', '--cfg-path', '/tmp/tmpeznmftzl']
[2024-01-22T23:08:28.579+0000] {standard_task_runner.py:85} INFO - Job 7: Subtask print_hello_world
[2024-01-22T23:08:28.637+0000] {task_command.py:416} INFO - Running <TaskInstance: first_sample_dag.print_hello_world scheduled__2022-12-22T08:00:00+00:00 [running]> on host e2c308f391b5
[2024-01-22T23:08:28.690+0000] {taskinstance.py:1662} INFO - Exporting env vars: AIRFLOW_CTX_DAG_OWNER='***' AIRFLOW_CTX_DAG_ID='first_sample_dag' AIRFLOW_CTX_TASK_ID='print_hello_world' AIRFLOW_CTX_EXECUTION_DATE='2022-12-22T08:00:00+00:00' AIRFLOW_CTX_TRY_NUMBER='2' AIRFLOW_CTX_DAG_RUN_ID='scheduled__2022-12-22T08:00:00+00:00'
[2024-01-22T23:08:28.692+0000] {subprocess.py:63} INFO - Tmp dir root location: /tmp
[2024-01-22T23:08:28.693+0000] {subprocess.py:75} INFO - Running command: ['/bin/bash', '-c', 'echo "HelloWorld!"']
[2024-01-22T23:08:28.710+0000] {subprocess.py:86} INFO - Output:
[2024-01-22T23:08:28.713+0000] {subprocess.py:93} INFO - HelloWorld!
[2024-01-22T23:08:28.713+0000] {subprocess.py:97} INFO - Command exited with return code 0
[2024-01-22T23:08:28.739+0000] {taskinstance.py:1400} INFO - Marking task as SUCCESS. dag_id=first_sample_dag, task_id=print_hello_world, execution_date=20221222T080000, start_date=20240122T230828, end_date=20240122T230828
[2024-01-22T23:08:28.787+0000] {local_task_job_runner.py:228} INFO - Task exited with return code 0
[2024-01-22T23:08:28.809+0000] {taskinstance.py:2778} INFO - 1 downstream tasks scheduled from follow-on schedule check
[2024-01-22T23:14:06.439+0000] {taskinstance.py:1159} INFO - Dependencies all met for dep_context=non-requeueable deps ti=<TaskInstance: first_sample_dag.print_hello_world scheduled__2022-12-22T08:00:00+00:00 [queued]>
[2024-01-22T23:14:06.444+0000] {taskinstance.py:1159} INFO - Dependencies all met for dep_context=requeueable deps ti=<TaskInstance: first_sample_dag.print_hello_world scheduled__2022-12-22T08:00:00+00:00 [queued]>
[2024-01-22T23:14:06.444+0000] {taskinstance.py:1361} INFO - Starting attempt 2 of 2
[2024-01-22T23:14:06.451+0000] {taskinstance.py:1382} INFO - Executing <Task(BashOperator): print_hello_world> on 2022-12-22 08:00:00+00:00
[2024-01-22T23:14:06.456+0000] {standard_task_runner.py:57} INFO - Started process 124 to run task
[2024-01-22T23:14:06.459+0000] {standard_task_runner.py:84} INFO - Running: ['***', 'tasks', 'run', 'first_sample_dag', 'print_hello_world', 'scheduled__2022-12-22T08:00:00+00:00', '--job-id', '7', '--raw', '--subdir', 'DAGS_FOLDER/test_dag.py', '--cfg-path', '/tmp/tmpnaoima01']
[2024-01-22T23:14:06.462+0000] {standard_task_runner.py:85} INFO - Job 7: Subtask print_hello_world
[2024-01-22T23:14:06.509+0000] {task_command.py:416} INFO - Running <TaskInstance: first_sample_dag.print_hello_world scheduled__2022-12-22T08:00:00+00:00 [running]> on host b93e82ce7774
[2024-01-22T23:14:06.588+0000] {taskinstance.py:1662} INFO - Exporting env vars: AIRFLOW_CTX_DAG_OWNER='***' AIRFLOW_CTX_DAG_ID='first_sample_dag' AIRFLOW_CTX_TASK_ID='print_hello_world' AIRFLOW_CTX_EXECUTION_DATE='2022-12-22T08:00:00+00:00' AIRFLOW_CTX_TRY_NUMBER='2' AIRFLOW_CTX_DAG_RUN_ID='scheduled__2022-12-22T08:00:00+00:00'
[2024-01-22T23:14:06.591+0000] {subprocess.py:63} INFO - Tmp dir root location: /tmp
[2024-01-22T23:14:06.592+0000] {subprocess.py:75} INFO - Running command: ['/bin/bash', '-c', 'echo "HelloWorld!"']
[2024-01-22T23:14:06.603+0000] {subprocess.py:86} INFO - Output:
[2024-01-22T23:14:06.607+0000] {subprocess.py:93} INFO - HelloWorld!
[2024-01-22T23:14:06.608+0000] {subprocess.py:97} INFO - Command exited with return code 0
[2024-01-22T23:14:06.628+0000] {taskinstance.py:1400} INFO - Marking task as SUCCESS. dag_id=first_sample_dag, task_id=print_hello_world, execution_date=20221222T080000, start_date=20240122T231406, end_date=20240122T231406
[2024-01-22T23:14:06.672+0000] {local_task_job_runner.py:228} INFO - Task exited with return code 0
[2024-01-22T23:14:06.700+0000] {taskinstance.py:2778} INFO - 0 downstream tasks scheduled from follow-on schedule check
