[2024-01-22T22:20:18.038+0000] {taskinstance.py:1159} INFO - Dependencies all met for dep_context=non-requeueable deps ti=<TaskInstance: first_sample_dag.print_hello_world scheduled__2022-12-22T08:00:00+00:00 [queued]>
[2024-01-22T22:20:18.044+0000] {taskinstance.py:1159} INFO - Dependencies all met for dep_context=requeueable deps ti=<TaskInstance: first_sample_dag.print_hello_world scheduled__2022-12-22T08:00:00+00:00 [queued]>
[2024-01-22T22:20:18.044+0000] {taskinstance.py:1361} INFO - Starting attempt 3 of 3
[2024-01-22T22:20:18.050+0000] {taskinstance.py:1382} INFO - Executing <Task(BashOperator): print_hello_world> on 2022-12-22 08:00:00+00:00
[2024-01-22T22:20:18.056+0000] {standard_task_runner.py:57} INFO - Started process 51 to run task
[2024-01-22T22:20:18.059+0000] {standard_task_runner.py:84} INFO - Running: ['***', 'tasks', 'run', 'first_sample_dag', 'print_hello_world', 'scheduled__2022-12-22T08:00:00+00:00', '--job-id', '12', '--raw', '--subdir', 'DAGS_FOLDER/test_dag.py', '--cfg-path', '/tmp/tmpmnpuhgws']
[2024-01-22T22:20:18.062+0000] {standard_task_runner.py:85} INFO - Job 12: Subtask print_hello_world
[2024-01-22T22:20:18.102+0000] {task_command.py:416} INFO - Running <TaskInstance: first_sample_dag.print_hello_world scheduled__2022-12-22T08:00:00+00:00 [running]> on host 19955daf03c7
[2024-01-22T22:20:18.164+0000] {taskinstance.py:1662} INFO - Exporting env vars: AIRFLOW_CTX_DAG_OWNER='***' AIRFLOW_CTX_DAG_ID='first_sample_dag' AIRFLOW_CTX_TASK_ID='print_hello_world' AIRFLOW_CTX_EXECUTION_DATE='2022-12-22T08:00:00+00:00' AIRFLOW_CTX_TRY_NUMBER='3' AIRFLOW_CTX_DAG_RUN_ID='scheduled__2022-12-22T08:00:00+00:00'
[2024-01-22T22:20:18.166+0000] {subprocess.py:63} INFO - Tmp dir root location: /tmp
[2024-01-22T22:20:18.167+0000] {subprocess.py:75} INFO - Running command: ['/bin/bash', '-c', 'echo "HelloWorld!"']
[2024-01-22T22:20:18.181+0000] {subprocess.py:86} INFO - Output:
[2024-01-22T22:20:18.185+0000] {subprocess.py:93} INFO - HelloWorld!
[2024-01-22T22:20:18.185+0000] {subprocess.py:97} INFO - Command exited with return code 0
[2024-01-22T22:20:18.205+0000] {taskinstance.py:1400} INFO - Marking task as SUCCESS. dag_id=first_sample_dag, task_id=print_hello_world, execution_date=20221222T080000, start_date=20240122T222018, end_date=20240122T222018
[2024-01-22T22:20:18.231+0000] {local_task_job_runner.py:228} INFO - Task exited with return code 0
[2024-01-22T22:20:18.247+0000] {taskinstance.py:2778} INFO - 1 downstream tasks scheduled from follow-on schedule check
[2024-01-22T22:40:14.746+0000] {taskinstance.py:1159} INFO - Dependencies all met for dep_context=non-requeueable deps ti=<TaskInstance: first_sample_dag.print_hello_world scheduled__2022-12-22T08:00:00+00:00 [queued]>
[2024-01-22T22:40:14.751+0000] {taskinstance.py:1159} INFO - Dependencies all met for dep_context=requeueable deps ti=<TaskInstance: first_sample_dag.print_hello_world scheduled__2022-12-22T08:00:00+00:00 [queued]>
[2024-01-22T22:40:14.751+0000] {taskinstance.py:1361} INFO - Starting attempt 3 of 3
[2024-01-22T22:40:14.763+0000] {taskinstance.py:1382} INFO - Executing <Task(BashOperator): print_hello_world> on 2022-12-22 08:00:00+00:00
[2024-01-22T22:40:14.772+0000] {standard_task_runner.py:57} INFO - Started process 119 to run task
[2024-01-22T22:40:14.775+0000] {standard_task_runner.py:84} INFO - Running: ['***', 'tasks', 'run', 'first_sample_dag', 'print_hello_world', 'scheduled__2022-12-22T08:00:00+00:00', '--job-id', '9', '--raw', '--subdir', 'DAGS_FOLDER/test_dag.py', '--cfg-path', '/tmp/tmprkx7c8w_']
[2024-01-22T22:40:14.783+0000] {standard_task_runner.py:85} INFO - Job 9: Subtask print_hello_world
[2024-01-22T22:40:14.836+0000] {task_command.py:416} INFO - Running <TaskInstance: first_sample_dag.print_hello_world scheduled__2022-12-22T08:00:00+00:00 [running]> on host 3441088a5e19
[2024-01-22T22:40:14.898+0000] {taskinstance.py:1662} INFO - Exporting env vars: AIRFLOW_CTX_DAG_OWNER='***' AIRFLOW_CTX_DAG_ID='first_sample_dag' AIRFLOW_CTX_TASK_ID='print_hello_world' AIRFLOW_CTX_EXECUTION_DATE='2022-12-22T08:00:00+00:00' AIRFLOW_CTX_TRY_NUMBER='3' AIRFLOW_CTX_DAG_RUN_ID='scheduled__2022-12-22T08:00:00+00:00'
[2024-01-22T22:40:14.900+0000] {subprocess.py:63} INFO - Tmp dir root location: /tmp
[2024-01-22T22:40:14.901+0000] {subprocess.py:75} INFO - Running command: ['/bin/bash', '-c', 'echo "HelloWorld!"']
[2024-01-22T22:40:14.912+0000] {subprocess.py:86} INFO - Output:
[2024-01-22T22:40:14.914+0000] {subprocess.py:93} INFO - HelloWorld!
[2024-01-22T22:40:14.915+0000] {subprocess.py:97} INFO - Command exited with return code 0
[2024-01-22T22:40:14.936+0000] {taskinstance.py:1400} INFO - Marking task as SUCCESS. dag_id=first_sample_dag, task_id=print_hello_world, execution_date=20221222T080000, start_date=20240122T224014, end_date=20240122T224014
[2024-01-22T22:40:14.950+0000] {local_task_job_runner.py:228} INFO - Task exited with return code 0
[2024-01-22T22:40:14.969+0000] {taskinstance.py:2778} INFO - 1 downstream tasks scheduled from follow-on schedule check
[2024-01-22T22:55:42.757+0000] {taskinstance.py:1159} INFO - Dependencies all met for dep_context=non-requeueable deps ti=<TaskInstance: first_sample_dag.print_hello_world scheduled__2022-12-22T08:00:00+00:00 [queued]>
[2024-01-22T22:55:42.761+0000] {taskinstance.py:1159} INFO - Dependencies all met for dep_context=requeueable deps ti=<TaskInstance: first_sample_dag.print_hello_world scheduled__2022-12-22T08:00:00+00:00 [queued]>
[2024-01-22T22:55:42.761+0000] {taskinstance.py:1361} INFO - Starting attempt 3 of 3
[2024-01-22T22:55:42.767+0000] {taskinstance.py:1382} INFO - Executing <Task(BashOperator): print_hello_world> on 2022-12-22 08:00:00+00:00
[2024-01-22T22:55:42.773+0000] {standard_task_runner.py:57} INFO - Started process 228 to run task
[2024-01-22T22:55:42.776+0000] {standard_task_runner.py:84} INFO - Running: ['***', 'tasks', 'run', 'first_sample_dag', 'print_hello_world', 'scheduled__2022-12-22T08:00:00+00:00', '--job-id', '9', '--raw', '--subdir', 'DAGS_FOLDER/test_dag.py', '--cfg-path', '/tmp/tmpjc_4h0ag']
[2024-01-22T22:55:42.780+0000] {standard_task_runner.py:85} INFO - Job 9: Subtask print_hello_world
[2024-01-22T22:55:42.828+0000] {task_command.py:416} INFO - Running <TaskInstance: first_sample_dag.print_hello_world scheduled__2022-12-22T08:00:00+00:00 [running]> on host 3b2231e5c840
[2024-01-22T22:55:42.897+0000] {taskinstance.py:1662} INFO - Exporting env vars: AIRFLOW_CTX_DAG_OWNER='***' AIRFLOW_CTX_DAG_ID='first_sample_dag' AIRFLOW_CTX_TASK_ID='print_hello_world' AIRFLOW_CTX_EXECUTION_DATE='2022-12-22T08:00:00+00:00' AIRFLOW_CTX_TRY_NUMBER='3' AIRFLOW_CTX_DAG_RUN_ID='scheduled__2022-12-22T08:00:00+00:00'
[2024-01-22T22:55:42.899+0000] {subprocess.py:63} INFO - Tmp dir root location: /tmp
[2024-01-22T22:55:42.900+0000] {subprocess.py:75} INFO - Running command: ['/bin/bash', '-c', 'echo "HelloWorld!"']
[2024-01-22T22:55:42.912+0000] {subprocess.py:86} INFO - Output:
[2024-01-22T22:55:42.917+0000] {subprocess.py:93} INFO - HelloWorld!
[2024-01-22T22:55:42.917+0000] {subprocess.py:97} INFO - Command exited with return code 0
[2024-01-22T22:55:42.939+0000] {taskinstance.py:1400} INFO - Marking task as SUCCESS. dag_id=first_sample_dag, task_id=print_hello_world, execution_date=20221222T080000, start_date=20240122T225542, end_date=20240122T225542
[2024-01-22T22:55:42.989+0000] {local_task_job_runner.py:228} INFO - Task exited with return code 0
[2024-01-22T22:55:43.009+0000] {taskinstance.py:2778} INFO - 1 downstream tasks scheduled from follow-on schedule check
[2024-01-22T23:15:02.837+0000] {taskinstance.py:1159} INFO - Dependencies all met for dep_context=non-requeueable deps ti=<TaskInstance: first_sample_dag.print_hello_world scheduled__2022-12-22T08:00:00+00:00 [queued]>
[2024-01-22T23:15:02.842+0000] {taskinstance.py:1159} INFO - Dependencies all met for dep_context=requeueable deps ti=<TaskInstance: first_sample_dag.print_hello_world scheduled__2022-12-22T08:00:00+00:00 [queued]>
[2024-01-22T23:15:02.842+0000] {taskinstance.py:1361} INFO - Starting attempt 3 of 3
[2024-01-22T23:15:02.848+0000] {taskinstance.py:1382} INFO - Executing <Task(BashOperator): print_hello_world> on 2022-12-22 08:00:00+00:00
[2024-01-22T23:15:02.854+0000] {standard_task_runner.py:57} INFO - Started process 274 to run task
[2024-01-22T23:15:02.857+0000] {standard_task_runner.py:84} INFO - Running: ['***', 'tasks', 'run', 'first_sample_dag', 'print_hello_world', 'scheduled__2022-12-22T08:00:00+00:00', '--job-id', '9', '--raw', '--subdir', 'DAGS_FOLDER/test_dag.py', '--cfg-path', '/tmp/tmpzp88csfu']
[2024-01-22T23:15:02.862+0000] {standard_task_runner.py:85} INFO - Job 9: Subtask print_hello_world
[2024-01-22T23:15:02.902+0000] {task_command.py:416} INFO - Running <TaskInstance: first_sample_dag.print_hello_world scheduled__2022-12-22T08:00:00+00:00 [running]> on host b93e82ce7774
[2024-01-22T23:15:02.952+0000] {taskinstance.py:1662} INFO - Exporting env vars: AIRFLOW_CTX_DAG_OWNER='***' AIRFLOW_CTX_DAG_ID='first_sample_dag' AIRFLOW_CTX_TASK_ID='print_hello_world' AIRFLOW_CTX_EXECUTION_DATE='2022-12-22T08:00:00+00:00' AIRFLOW_CTX_TRY_NUMBER='3' AIRFLOW_CTX_DAG_RUN_ID='scheduled__2022-12-22T08:00:00+00:00'
[2024-01-22T23:15:02.953+0000] {subprocess.py:63} INFO - Tmp dir root location: /tmp
[2024-01-22T23:15:02.954+0000] {subprocess.py:75} INFO - Running command: ['/bin/bash', '-c', 'echo "HelloWorld!"']
[2024-01-22T23:15:02.965+0000] {subprocess.py:86} INFO - Output:
[2024-01-22T23:15:02.971+0000] {subprocess.py:93} INFO - HelloWorld!
[2024-01-22T23:15:02.971+0000] {subprocess.py:97} INFO - Command exited with return code 0
[2024-01-22T23:15:02.990+0000] {taskinstance.py:1400} INFO - Marking task as SUCCESS. dag_id=first_sample_dag, task_id=print_hello_world, execution_date=20221222T080000, start_date=20240122T231502, end_date=20240122T231502
[2024-01-22T23:15:03.029+0000] {local_task_job_runner.py:228} INFO - Task exited with return code 0
[2024-01-22T23:15:03.047+0000] {taskinstance.py:2778} INFO - 1 downstream tasks scheduled from follow-on schedule check
