[2024-01-22T22:41:08.202+0000] {taskinstance.py:1159} INFO - Dependencies all met for dep_context=non-requeueable deps ti=<TaskInstance: first_sample_dag.print_hello_world scheduled__2022-12-22T08:00:00+00:00 [queued]>
[2024-01-22T22:41:08.206+0000] {taskinstance.py:1159} INFO - Dependencies all met for dep_context=requeueable deps ti=<TaskInstance: first_sample_dag.print_hello_world scheduled__2022-12-22T08:00:00+00:00 [queued]>
[2024-01-22T22:41:08.206+0000] {taskinstance.py:1361} INFO - Starting attempt 4 of 4
[2024-01-22T22:41:08.212+0000] {taskinstance.py:1382} INFO - Executing <Task(BashOperator): print_hello_world> on 2022-12-22 08:00:00+00:00
[2024-01-22T22:41:08.218+0000] {standard_task_runner.py:57} INFO - Started process 147 to run task
[2024-01-22T22:41:08.223+0000] {standard_task_runner.py:84} INFO - Running: ['***', 'tasks', 'run', 'first_sample_dag', 'print_hello_world', 'scheduled__2022-12-22T08:00:00+00:00', '--job-id', '11', '--raw', '--subdir', 'DAGS_FOLDER/test_dag.py', '--cfg-path', '/tmp/tmp74wpqn09']
[2024-01-22T22:41:08.228+0000] {standard_task_runner.py:85} INFO - Job 11: Subtask print_hello_world
[2024-01-22T22:41:08.272+0000] {task_command.py:416} INFO - Running <TaskInstance: first_sample_dag.print_hello_world scheduled__2022-12-22T08:00:00+00:00 [running]> on host 3441088a5e19
[2024-01-22T22:41:08.324+0000] {taskinstance.py:1662} INFO - Exporting env vars: AIRFLOW_CTX_DAG_OWNER='***' AIRFLOW_CTX_DAG_ID='first_sample_dag' AIRFLOW_CTX_TASK_ID='print_hello_world' AIRFLOW_CTX_EXECUTION_DATE='2022-12-22T08:00:00+00:00' AIRFLOW_CTX_TRY_NUMBER='4' AIRFLOW_CTX_DAG_RUN_ID='scheduled__2022-12-22T08:00:00+00:00'
[2024-01-22T22:41:08.326+0000] {subprocess.py:63} INFO - Tmp dir root location: /tmp
[2024-01-22T22:41:08.327+0000] {subprocess.py:75} INFO - Running command: ['/bin/bash', '-c', 'echo "HelloWorld!"']
[2024-01-22T22:41:08.339+0000] {subprocess.py:86} INFO - Output:
[2024-01-22T22:41:08.342+0000] {subprocess.py:93} INFO - HelloWorld!
[2024-01-22T22:41:08.343+0000] {subprocess.py:97} INFO - Command exited with return code 0
[2024-01-22T22:41:08.367+0000] {taskinstance.py:1400} INFO - Marking task as SUCCESS. dag_id=first_sample_dag, task_id=print_hello_world, execution_date=20221222T080000, start_date=20240122T224108, end_date=20240122T224108
[2024-01-22T22:41:08.395+0000] {local_task_job_runner.py:228} INFO - Task exited with return code 0
[2024-01-22T22:41:08.422+0000] {taskinstance.py:2778} INFO - 1 downstream tasks scheduled from follow-on schedule check
[2024-01-22T22:59:37.895+0000] {taskinstance.py:1159} INFO - Dependencies all met for dep_context=non-requeueable deps ti=<TaskInstance: first_sample_dag.print_hello_world scheduled__2022-12-22T08:00:00+00:00 [queued]>
[2024-01-22T22:59:37.899+0000] {taskinstance.py:1159} INFO - Dependencies all met for dep_context=requeueable deps ti=<TaskInstance: first_sample_dag.print_hello_world scheduled__2022-12-22T08:00:00+00:00 [queued]>
[2024-01-22T22:59:37.899+0000] {taskinstance.py:1361} INFO - Starting attempt 4 of 4
[2024-01-22T22:59:37.905+0000] {taskinstance.py:1382} INFO - Executing <Task(BashOperator): print_hello_world> on 2022-12-22 08:00:00+00:00
[2024-01-22T22:59:37.911+0000] {standard_task_runner.py:57} INFO - Started process 327 to run task
[2024-01-22T22:59:37.915+0000] {standard_task_runner.py:84} INFO - Running: ['***', 'tasks', 'run', 'first_sample_dag', 'print_hello_world', 'scheduled__2022-12-22T08:00:00+00:00', '--job-id', '11', '--raw', '--subdir', 'DAGS_FOLDER/test_dag.py', '--cfg-path', '/tmp/tmp_t719k3w']
[2024-01-22T22:59:37.918+0000] {standard_task_runner.py:85} INFO - Job 11: Subtask print_hello_world
[2024-01-22T22:59:37.954+0000] {task_command.py:416} INFO - Running <TaskInstance: first_sample_dag.print_hello_world scheduled__2022-12-22T08:00:00+00:00 [running]> on host 3b2231e5c840
[2024-01-22T22:59:38.022+0000] {taskinstance.py:1662} INFO - Exporting env vars: AIRFLOW_CTX_DAG_OWNER='***' AIRFLOW_CTX_DAG_ID='first_sample_dag' AIRFLOW_CTX_TASK_ID='print_hello_world' AIRFLOW_CTX_EXECUTION_DATE='2022-12-22T08:00:00+00:00' AIRFLOW_CTX_TRY_NUMBER='4' AIRFLOW_CTX_DAG_RUN_ID='scheduled__2022-12-22T08:00:00+00:00'
[2024-01-22T22:59:38.024+0000] {subprocess.py:63} INFO - Tmp dir root location: /tmp
[2024-01-22T22:59:38.025+0000] {subprocess.py:75} INFO - Running command: ['/bin/bash', '-c', 'echo "HelloWorld!"']
[2024-01-22T22:59:38.044+0000] {subprocess.py:86} INFO - Output:
[2024-01-22T22:59:38.048+0000] {subprocess.py:93} INFO - HelloWorld!
[2024-01-22T22:59:38.049+0000] {subprocess.py:97} INFO - Command exited with return code 0
[2024-01-22T22:59:38.071+0000] {taskinstance.py:1400} INFO - Marking task as SUCCESS. dag_id=first_sample_dag, task_id=print_hello_world, execution_date=20221222T080000, start_date=20240122T225937, end_date=20240122T225938
[2024-01-22T22:59:38.087+0000] {local_task_job_runner.py:228} INFO - Task exited with return code 0
[2024-01-22T22:59:38.107+0000] {taskinstance.py:2778} INFO - 0 downstream tasks scheduled from follow-on schedule check
